This is pdfTeX, Version 3.14159265-2.6-1.40.21 (TeX Live 2020) (preloaded format=pdflatex 2020.12.26)  12 JAN 2021 00:55
entering extended mode
 restricted \write18 enabled.
 %&-line parsing enabled.
**Thesis.tex
(./Thesis.tex
LaTeX2e <2020-02-02> patch level 5
L3 programming layer <2020-04-06> (./Thesis.cls
Document Class: Thesis 2007/22/02 v1.0 LaTeX document class
(/usr/share/texlive/texmf-dist/tex/latex/base/book.cls
Document Class: book 2019/12/20 v1.4l Standard LaTeX document class
(/usr/share/texlive/texmf-dist/tex/latex/base/bk11.clo
File: bk11.clo 2019/12/20 v1.4l Standard LaTeX file (size option)
)
\c@part=\count167
\c@chapter=\count168
\c@section=\count169
\c@subsection=\count170
\c@subsubsection=\count171
\c@paragraph=\count172
\c@subparagraph=\count173
\c@figure=\count174
\c@table=\count175
\abovecaptionskip=\skip47
\belowcaptionskip=\skip48
\bibindent=\dimen134
)
(/usr/share/texlive/texmf-dist/tex/latex/setspace/setspace.sty
Package: setspace 2011/12/19 v6.7a set line spacing
)
(/usr/share/texlive/texmf-dist/tex/latex/vmargin/vmargin.sty
Package: vmargin 2004/07/15 V2.5 set document margins (VK)

Package: vmargin 2004/07/15 V2.5 set document margins (VK)
\PaperWidth=\dimen135
\PaperHeight=\dimen136
) (/usr/share/texlive/texmf-dist/tex/latex/fancyhdr/fancyhdr.sty
Package: fancyhdr 2019/01/31 v3.10 Extensive control of page headers and footer
s
\f@nch@headwidth=\skip49
\f@nch@O@elh=\skip50
\f@nch@O@erh=\skip51
\f@nch@O@olh=\skip52
\f@nch@O@orh=\skip53
\f@nch@O@elf=\skip54
\f@nch@O@erf=\skip55
\f@nch@O@olf=\skip56
\f@nch@O@orf=\skip57
)
(/usr/share/texlive/texmf-dist/tex/latex/pdfpages/pdfpages.sty
Package: pdfpages 2020/01/28 v0.5q Insert pages of external PDF documents (AM)

(/usr/share/texlive/texmf-dist/tex/latex/base/ifthen.sty
Package: ifthen 2014/09/29 v1.1c Standard LaTeX ifthen package (DPC)
)
(/usr/share/texlive/texmf-dist/tex/latex/tools/calc.sty
Package: calc 2017/05/25 v4.3 Infix arithmetic (KKT,FJ)
\calc@Acount=\count176
\calc@Bcount=\count177
\calc@Adimen=\dimen137
\calc@Bdimen=\dimen138
\calc@Askip=\skip58
\calc@Bskip=\skip59
LaTeX Info: Redefining \setlength on input line 80.
LaTeX Info: Redefining \addtolength on input line 81.
\calc@Ccount=\count178
\calc@Cskip=\skip60
)
(/usr/share/texlive/texmf-dist/tex/latex/eso-pic/eso-pic.sty
Package: eso-pic 2018/04/12 v2.0h eso-pic (RN)

(/usr/share/texlive/texmf-dist/tex/generic/atbegshi/atbegshi.sty
Package: atbegshi 2019/12/05 v1.19 At begin shipout hook (HO)

(/usr/share/texlive/texmf-dist/tex/generic/infwarerr/infwarerr.sty
Package: infwarerr 2019/12/03 v1.5 Providing info/warning/error messages (HO)
)
(/usr/share/texlive/texmf-dist/tex/generic/ltxcmds/ltxcmds.sty
Package: ltxcmds 2019/12/15 v1.24 LaTeX kernel commands for general use (HO)
)
(/usr/share/texlive/texmf-dist/tex/generic/iftex/iftex.sty
Package: iftex 2020/03/06 v1.0d TeX engine tests
))
(/usr/share/texlive/texmf-dist/tex/latex/graphics/keyval.sty
Package: keyval 2014/10/28 v1.15 key=value parser (DPC)
\KV@toks@=\toks15
)
(/usr/share/texlive/texmf-dist/tex/latex/xcolor/xcolor.sty
Package: xcolor 2016/05/11 v2.12 LaTeX color extensions (UK)

(/usr/share/texlive/texmf-dist/tex/latex/graphics-cfg/color.cfg
File: color.cfg 2016/01/02 v1.6 sample color configuration
)
Package xcolor Info: Driver file: pdftex.def on input line 225.

(/usr/share/texlive/texmf-dist/tex/latex/graphics-def/pdftex.def
File: pdftex.def 2018/01/08 v1.0l Graphics/color driver for pdftex
)
Package xcolor Info: Model `cmy' substituted by `cmy0' on input line 1348.
Package xcolor Info: Model `hsb' substituted by `rgb' on input line 1352.
Package xcolor Info: Model `RGB' extended on input line 1364.
Package xcolor Info: Model `HTML' substituted by `rgb' on input line 1366.
Package xcolor Info: Model `Hsb' substituted by `hsb' on input line 1367.
Package xcolor Info: Model `tHsb' substituted by `hsb' on input line 1368.
Package xcolor Info: Model `HSB' substituted by `hsb' on input line 1369.
Package xcolor Info: Model `Gray' substituted by `gray' on input line 1370.
Package xcolor Info: Model `wave' substituted by `hsb' on input line 1371.
))
(/usr/share/texlive/texmf-dist/tex/latex/graphics/graphicx.sty
Package: graphicx 2019/11/30 v1.2a Enhanced LaTeX Graphics (DPC,SPQR)

(/usr/share/texlive/texmf-dist/tex/latex/graphics/graphics.sty
Package: graphics 2019/11/30 v1.4a Standard LaTeX Graphics (DPC,SPQR)

(/usr/share/texlive/texmf-dist/tex/latex/graphics/trig.sty
Package: trig 2016/01/03 v1.10 sin cos tan (DPC)
)
(/usr/share/texlive/texmf-dist/tex/latex/graphics-cfg/graphics.cfg
File: graphics.cfg 2016/06/04 v1.11 sample graphics configuration
)
Package graphics Info: Driver file: pdftex.def on input line 105.
)
\Gin@req@height=\dimen139
\Gin@req@width=\dimen140
)
\AM@pagewidth=\dimen141
\AM@pageheight=\dimen142

(/usr/share/texlive/texmf-dist/tex/latex/pdfpages/pppdftex.def
File: pppdftex.def 2020/01/28 v0.5q Pdfpages driver for pdfTeX (AM)
)
\AM@pagebox=\box45
\AM@global@opts=\toks16
\AM@pagecnt=\count179
\AM@toc@title=\toks17
\c@AM@survey=\count180
\AM@templatesizebox=\box46
)
(/usr/share/texlive/texmf-dist/tex/latex/bbold/bbold.sty
Package: bbold 1994/04/06 Bbold symbol package
)
(/usr/share/texlive/texmf-dist/tex/latex/amsmath/amsmath.sty
Package: amsmath 2020/01/20 v2.17e AMS math features
\@mathmargin=\skip61

For additional information on amsmath, use the `?' option.
(/usr/share/texlive/texmf-dist/tex/latex/amsmath/amstext.sty
Package: amstext 2000/06/29 v2.01 AMS text

(/usr/share/texlive/texmf-dist/tex/latex/amsmath/amsgen.sty
File: amsgen.sty 1999/11/30 v2.0 generic functions
\@emptytoks=\toks18
\ex@=\dimen143
))
(/usr/share/texlive/texmf-dist/tex/latex/amsmath/amsbsy.sty
Package: amsbsy 1999/11/29 v1.2d Bold Symbols
\pmbraise@=\dimen144
)
(/usr/share/texlive/texmf-dist/tex/latex/amsmath/amsopn.sty
Package: amsopn 2016/03/08 v2.02 operator names
)
\inf@bad=\count181
LaTeX Info: Redefining \frac on input line 227.
\uproot@=\count182
\leftroot@=\count183
LaTeX Info: Redefining \overline on input line 389.
\classnum@=\count184
\DOTSCASE@=\count185
LaTeX Info: Redefining \ldots on input line 486.
LaTeX Info: Redefining \dots on input line 489.
LaTeX Info: Redefining \cdots on input line 610.
\Mathstrutbox@=\box47
\strutbox@=\box48
\big@size=\dimen145
LaTeX Font Info:    Redeclaring font encoding OML on input line 733.
LaTeX Font Info:    Redeclaring font encoding OMS on input line 734.
\macc@depth=\count186
\c@MaxMatrixCols=\count187
\dotsspace@=\muskip16
\c@parentequation=\count188
\dspbrk@lvl=\count189
\tag@help=\toks19
\row@=\count190
\column@=\count191
\maxfields@=\count192
\andhelp@=\toks20
\eqnshift@=\dimen146
\alignsep@=\dimen147
\tagshift@=\dimen148
\tagwidth@=\dimen149
\totwidth@=\dimen150
\lineht@=\dimen151
\@envbody=\toks21
\multlinegap=\skip62
\multlinetaggap=\skip63
\mathdisplay@stack=\toks22
LaTeX Info: Redefining \[ on input line 2859.
LaTeX Info: Redefining \] on input line 2860.
)
(/usr/share/texlive/texmf-dist/tex/latex/amsfonts/amsfonts.sty
Package: amsfonts 2013/01/14 v3.01 Basic AMSFonts support
\symAMSa=\mathgroup4
\symAMSb=\mathgroup5
LaTeX Font Info:    Redeclaring math symbol \hbar on input line 98.
LaTeX Font Info:    Overwriting math alphabet `\mathfrak' in version `bold'
(Font)                  U/euf/m/n --> U/euf/b/n on input line 106.
)
(/usr/share/texlive/texmf-dist/tex/latex/amsfonts/amssymb.sty
Package: amssymb 2013/01/14 v3.01 AMS font symbols
)
(/usr/share/texlive/texmf-dist/tex/latex/amsmath/amscd.sty
Package: amscd 2017/04/14 v2.1 AMS Commutative Diagrams
\athelp@=\toks23
\minaw@=\dimen152
\bigaw@=\dimen153
\minCDarrowwidth=\dimen154
)
(/usr/share/texlive/texmf-dist/tex/latex/amscls/amsthm.sty
Package: amsthm 2017/10/31 v2.20.4
\thm@style=\toks24
\thm@bodyfont=\toks25
\thm@headfont=\toks26
\thm@notefont=\toks27
\thm@headpunct=\toks28
\thm@preskip=\skip64
\thm@postskip=\skip65
\thm@headsep=\skip66
\dth@everypar=\toks29
)
(/usr/share/texlive/texmf-dist/tex/latex/tools/xspace.sty
Package: xspace 2014/10/28 v1.13 Space after command names (DPC,MH)
)
(/usr/share/texlive/texmf-dist/tex/latex/mathtools/mathtools.sty
Package: mathtools 2020/03/24 v1.24 mathematical typesetting tools

(/usr/share/texlive/texmf-dist/tex/latex/mathtools/mhsetup.sty
Package: mhsetup 2017/03/31 v1.3 programming setup (MH)
)
LaTeX Info: Thecontrolsequence`\('isalreadyrobust on input line 130.
LaTeX Info: Thecontrolsequence`\)'isalreadyrobust on input line 130.
LaTeX Info: Thecontrolsequence`\['isalreadyrobust on input line 130.
LaTeX Info: Thecontrolsequence`\]'isalreadyrobust on input line 130.
\g_MT_multlinerow_int=\count193
\l_MT_multwidth_dim=\dimen155
\origjot=\skip67
\l_MT_shortvdotswithinadjustabove_dim=\dimen156
\l_MT_shortvdotswithinadjustbelow_dim=\dimen157
\l_MT_above_intertext_sep=\dimen158
\l_MT_below_intertext_sep=\dimen159
\l_MT_above_shortintertext_sep=\dimen160
\l_MT_below_shortintertext_sep=\dimen161
\xmathstrut@box=\box49
\xmathstrut@dim=\dimen162
)
(/usr/share/texlive/texmf-dist/tex/latex/physics/physics.sty
Package: physics 

(/usr/share/texlive/texmf-dist/tex/latex/l3packages/xparse/xparse.sty
(/usr/share/texlive/texmf-dist/tex/latex/l3kernel/expl3.sty
Package: expl3 2020-04-06 L3 programming layer (loader) 

(/usr/share/texlive/texmf-dist/tex/latex/l3backend/l3backend-pdfmode.def
File: l3backend-pdfmode.def 2020-03-12 L3 backend support: PDF mode
\l__kernel_color_stack_int=\count194
\l__pdf_internal_box=\box50
))
Package: xparse 2020-03-06 L3 Experimental document command parser
\l__xparse_current_arg_int=\count195
\g__xparse_grabber_int=\count196
\l__xparse_m_args_int=\count197
\l__xparse_v_nesting_int=\count198
))
\c@example=\count199
\c@theorem=\count266

(/usr/share/texlive/texmf-dist/tex/latex/caption/caption.sty
Package: caption 2020/01/03 v3.4h Customizing captions (AR)

(/usr/share/texlive/texmf-dist/tex/latex/caption/caption3.sty
Package: caption3 2020/01/03 v1.8h caption3 kernel (AR)
Package caption3 Info: TeX engine: e-TeX on input line 61.
\captionmargin=\dimen163
\captionmargin@=\dimen164
\captionwidth=\dimen165
\caption@tempdima=\dimen166
\caption@indent=\dimen167
\caption@parindent=\dimen168
\caption@hangindent=\dimen169
Package caption Info: Standard document class detected.
)
\c@caption@flags=\count267
\c@continuedfloat=\count268
)
(/usr/share/texlive/texmf-dist/tex/latex/caption/subcaption.sty
Package: subcaption 2020/01/22 v1.3d Sub-captions (AR)
\c@subfigure=\count269
\c@subtable=\count270
)
(/usr/share/texlive/texmf-dist/tex/latex/hyperref/hyperref.sty
Package: hyperref 2020/01/14 v7.00d Hypertext links for LaTeX

(/usr/share/texlive/texmf-dist/tex/latex/pdftexcmds/pdftexcmds.sty
Package: pdftexcmds 2019/11/24 v0.31 Utility functions of pdfTeX for LuaTeX (HO
)
Package pdftexcmds Info: \pdf@primitive is available.
Package pdftexcmds Info: \pdf@ifprimitive is available.
Package pdftexcmds Info: \pdfdraftmode found.
)
(/usr/share/texlive/texmf-dist/tex/generic/kvsetkeys/kvsetkeys.sty
Package: kvsetkeys 2019/12/15 v1.18 Key value parser (HO)
)
(/usr/share/texlive/texmf-dist/tex/generic/kvdefinekeys/kvdefinekeys.sty
Package: kvdefinekeys 2019-12-19 v1.6 Define keys (HO)
)
(/usr/share/texlive/texmf-dist/tex/generic/pdfescape/pdfescape.sty
Package: pdfescape 2019/12/09 v1.15 Implements pdfTeX's escape features (HO)
)
(/usr/share/texlive/texmf-dist/tex/latex/hycolor/hycolor.sty
Package: hycolor 2020-01-27 v1.10 Color options for hyperref/bookmark (HO)
)
(/usr/share/texlive/texmf-dist/tex/latex/letltxmacro/letltxmacro.sty
Package: letltxmacro 2019/12/03 v1.6 Let assignment for LaTeX macros (HO)
)
(/usr/share/texlive/texmf-dist/tex/latex/auxhook/auxhook.sty
Package: auxhook 2019-12-17 v1.6 Hooks for auxiliary files (HO)
)
(/usr/share/texlive/texmf-dist/tex/latex/kvoptions/kvoptions.sty
Package: kvoptions 2019/11/29 v3.13 Key value format for package options (HO)
)
\@linkdim=\dimen170
\Hy@linkcounter=\count271
\Hy@pagecounter=\count272

(/usr/share/texlive/texmf-dist/tex/latex/hyperref/pd1enc.def
File: pd1enc.def 2020/01/14 v7.00d Hyperref: PDFDocEncoding definition (HO)
Now handling font encoding PD1 ...
... no UTF-8 mapping file for font encoding PD1
)
(/usr/share/texlive/texmf-dist/tex/generic/intcalc/intcalc.sty
Package: intcalc 2019/12/15 v1.3 Expandable calculations with integers (HO)
)
(/usr/share/texlive/texmf-dist/tex/generic/etexcmds/etexcmds.sty
Package: etexcmds 2019/12/15 v1.7 Avoid name clashes with e-TeX commands (HO)
)
\Hy@SavedSpaceFactor=\count273
Package hyperref Info: Option `bookmarks' set `true' on input line 4421.
Package hyperref Info: Option `bookmarksopen' set `true' on input line 4421.
Package hyperref Info: Option `bookmarksnumbered' set `true' on input line 4421
.
Package hyperref Info: Option `hypertexnames' set `false' on input line 4421.
Package hyperref Info: Option `colorlinks' set `true' on input line 4421.
Package hyperref Info: Option `unicode' set `true' on input line 4421.

(/usr/share/texlive/texmf-dist/tex/latex/hyperref/puenc.def
File: puenc.def 2020/01/14 v7.00d Hyperref: PDF Unicode definition (HO)
Now handling font encoding PU ...
... no UTF-8 mapping file for font encoding PU
)
Package hyperref Info: Option `breaklinks' set `true' on input line 4421.
Package hyperref Info: Hyper figures OFF on input line 4547.
Package hyperref Info: Link nesting OFF on input line 4552.
Package hyperref Info: Hyper index ON on input line 4555.
Package hyperref Info: Plain pages OFF on input line 4562.
Package hyperref Info: Backreferencing OFF on input line 4567.
Package hyperref Info: Implicit mode ON; LaTeX internals redefined.
Package hyperref Info: Bookmarks ON on input line 4800.
\c@Hy@tempcnt=\count274

(/usr/share/texlive/texmf-dist/tex/latex/url/url.sty
\Urlmuskip=\muskip17
Package: url 2013/09/16  ver 3.4  Verb mode for urls, etc.
)
LaTeX Info: Redefining \url on input line 5159.
\XeTeXLinkMargin=\dimen171

(/usr/share/texlive/texmf-dist/tex/generic/bitset/bitset.sty
Package: bitset 2019/12/09 v1.3 Handle bit-vector datatype (HO)

(/usr/share/texlive/texmf-dist/tex/generic/bigintcalc/bigintcalc.sty
Package: bigintcalc 2019/12/15 v1.5 Expandable calculations on big integers (HO
)
))
\Fld@menulength=\count275
\Field@Width=\dimen172
\Fld@charsize=\dimen173
Package hyperref Info: Hyper figures OFF on input line 6430.
Package hyperref Info: Link nesting OFF on input line 6435.
Package hyperref Info: Hyper index ON on input line 6438.
Package hyperref Info: backreferencing OFF on input line 6445.
Package hyperref Info: Link coloring ON on input line 6448.
Package hyperref Info: Link coloring with OCG OFF on input line 6455.
Package hyperref Info: PDF/A mode OFF on input line 6460.
LaTeX Info: Redefining \ref on input line 6500.
LaTeX Info: Redefining \pageref on input line 6504.
\Hy@abspage=\count276
\c@Item=\count277
\c@Hfootnote=\count278
)
Package hyperref Info: Driver (autodetected): hpdftex.

(/usr/share/texlive/texmf-dist/tex/latex/hyperref/hpdftex.def
File: hpdftex.def 2020/01/14 v7.00d Hyperref driver for pdfTeX

(/usr/share/texlive/texmf-dist/tex/latex/atveryend/atveryend.sty
Package: atveryend 2019-12-11 v1.11 Hooks at the very end of document (HO)
Package atveryend Info: \enddocument detected (standard20110627).
)
\Fld@listcount=\count279
\c@bookmark@seq@number=\count280

(/usr/share/texlive/texmf-dist/tex/latex/rerunfilecheck/rerunfilecheck.sty
Package: rerunfilecheck 2019/12/05 v1.9 Rerun checks for auxiliary files (HO)

(/usr/share/texlive/texmf-dist/tex/generic/uniquecounter/uniquecounter.sty
Package: uniquecounter 2019/12/15 v1.4 Provide unlimited unique counter (HO)
)
Package uniquecounter Info: New unique counter `rerunfilecheck' on input line 2
86.
)
\Hy@SectionHShift=\skip68
)
\c@dummy=\count281
)
(/usr/share/texlive/texmf-dist/tex/latex/natbib/natbib.sty
Package: natbib 2010/09/13 8.31b (PWD, AO)
\bibhang=\skip69
\bibsep=\skip70
LaTeX Info: Redefining \cite on input line 694.
\c@NAT@ctr=\count282
)
Package hyperref Info: Option `colorlinks' set `true' on input line 13.
 (./macros.tex)
(./Thesis.aux

LaTeX Warning: Label `eqn:bound2' multiply defined.

)
\openout1 = `Thesis.aux'.

LaTeX Font Info:    Checking defaults for OML/cmm/m/it on input line 18.
LaTeX Font Info:    ... okay on input line 18.
LaTeX Font Info:    Checking defaults for OMS/cmsy/m/n on input line 18.
LaTeX Font Info:    ... okay on input line 18.
LaTeX Font Info:    Checking defaults for OT1/cmr/m/n on input line 18.
LaTeX Font Info:    ... okay on input line 18.
LaTeX Font Info:    Checking defaults for T1/cmr/m/n on input line 18.
LaTeX Font Info:    ... okay on input line 18.
LaTeX Font Info:    Checking defaults for TS1/cmr/m/n on input line 18.
LaTeX Font Info:    ... okay on input line 18.
LaTeX Font Info:    Checking defaults for OMX/cmex/m/n on input line 18.
LaTeX Font Info:    ... okay on input line 18.
LaTeX Font Info:    Checking defaults for U/cmr/m/n on input line 18.
LaTeX Font Info:    ... okay on input line 18.
LaTeX Font Info:    Checking defaults for PD1/pdf/m/n on input line 18.
LaTeX Font Info:    ... okay on input line 18.
LaTeX Font Info:    Checking defaults for PU/pdf/m/n on input line 18.
LaTeX Font Info:    ... okay on input line 18.
\AtBeginShipoutBox=\box51
 (/usr/share/texlive/texmf-dist/tex/context/base/mkii/supp-pdf.mkii
[Loading MPS to PDF converter (version 2006.09.02).]
\scratchcounter=\count283
\scratchdimen=\dimen174
\scratchbox=\box52
\nofMPsegments=\count284
\nofMParguments=\count285
\everyMPshowfont=\toks30
\MPscratchCnt=\count286
\MPscratchDim=\dimen175
\MPnumerator=\count287
\makeMPintoPDFobject=\count288
\everyMPtoPDFconversion=\toks31
) (/usr/share/texlive/texmf-dist/tex/latex/epstopdf-pkg/epstopdf-base.sty
Package: epstopdf-base 2020-01-24 v2.11 Base part for package epstopdf

(/usr/share/texlive/texmf-dist/tex/latex/grfext/grfext.sty
Package: grfext 2019/12/03 v1.3 Manage graphics extensions (HO)
)
Package epstopdf-base Info: Redefining graphics rule for `.eps' on input line 4
85.
Package grfext Info: Graphics extension search list:
(grfext)             [.pdf,.png,.jpg,.mps,.jpeg,.jbig2,.jb2,.PDF,.PNG,.JPG,.JPE
G,.JBIG2,.JB2,.eps]
(grfext)             \AppendGraphicsExtensions on input line 504.

(/usr/share/texlive/texmf-dist/tex/latex/latexconfig/epstopdf-sys.cfg
File: epstopdf-sys.cfg 2010/07/13 v1.3 Configuration of (r)epstopdf for TeX Liv
e
))
(/usr/share/texlive/texmf-dist/tex/latex/pdflscape/pdflscape.sty
Package: pdflscape 2019/12/05 v0.12 Display of landscape pages in PDF (HO)

(/usr/share/texlive/texmf-dist/tex/latex/graphics/lscape.sty
Package: lscape 2000/10/22 v3.01 Landscape Pages (DPC)
)
Package pdflscape Info: Auto-detected driver: pdftex on input line 81.
)
Package caption Info: Begin \AtBeginDocument code.
Package caption Info: hyperref package is loaded.
Package caption Info: End \AtBeginDocument code.
Package hyperref Info: Link coloring ON on input line 18.

(/usr/share/texlive/texmf-dist/tex/latex/hyperref/nameref.sty
Package: nameref 2019/09/16 v2.46 Cross-referencing by name of section

(/usr/share/texlive/texmf-dist/tex/latex/refcount/refcount.sty
Package: refcount 2019/12/15 v3.6 Data extraction from label references (HO)
)
(/usr/share/texlive/texmf-dist/tex/generic/gettitlestring/gettitlestring.sty
Package: gettitlestring 2019/12/15 v1.6 Cleanup title references (HO)
)
\c@section@level=\count289
)
LaTeX Info: Redefining \ref on input line 18.
LaTeX Info: Redefining \pageref on input line 18.
LaTeX Info: Redefining \nameref on input line 18.

(./Thesis.out) (./Thesis.out)
\@outlinefile=\write3
\openout3 = `Thesis.out'.


------------------------------------------------------------------------------
 Title Page
------------------------------------------------------------------------------
[1



{/usr/share/texlive/texmf-dist/fonts/map/pdftex/updmap/pdftex.map}]
------------------------------------------------------------------------------
 Abstract Page
------------------------------------------------------------------------------
[1

]
------------------------------------------------------------------------------
 Acknowledgements
------------------------------------------------------------------------------
[2

]
------------------------------------------------------------------------------
 Table of Contents
------------------------------------------------------------------------------
(./Thesis.toc
LaTeX Font Info:    Trying to load font information for U+msa on input line 6.
 (/usr/share/texlive/texmf-dist/tex/latex/amsfonts/umsa.fd
File: umsa.fd 2013/01/14 v3.01 AMS symbols A
)
LaTeX Font Info:    Trying to load font information for U+msb on input line 6.

(/usr/share/texlive/texmf-dist/tex/latex/amsfonts/umsb.fd
File: umsb.fd 2013/01/14 v3.01 AMS symbols B
) [3


]
Overfull \hbox (6.44478pt too wide) in paragraph at lines 36--36
 [][] [][][]\OT1/cmr/m/n/10.95 Self-testing from ap-prox-i-mately op-er-a-tiona
lly equiv-a-lent prepa-ra-tions and bounded 
 []

)
\tf@toc=\write4
\openout4 = `Thesis.toc'.

 [4] (./Chapters/01-kscont.tex
Chapter 1.
------------------------------------------------------------------------------
 1 Kochen-Specker contextuality
------------------------------------------------------------------------------
[1



]
<images/3boxes.png, id=280, 419.31656pt x 356.0803pt>
File: images/3boxes.png Graphic file (type png)
<use images/3boxes.png>
Package pdftex.def Info: images/3boxes.png  used on input line 11.
(pdftex.def)             Requested size: 181.44046pt x 154.07867pt.


LaTeX Font Warning: Font shape `OT1/cmr/bx/sc' undefined
(Font)              using `OT1/cmr/bx/n' instead on input line 12.

[2 <./images/3boxes.png>] [3] [4]
<images/hvm.png, id=335, 569.12625pt x 365.86688pt>
File: images/hvm.png Graphic file (type png)
<use images/hvm.png>
Package pdftex.def Info: images/hvm.png  used on input line 43.
(pdftex.def)             Requested size: 317.52426pt x 204.13039pt.
 [5 <./images/hvm.png>]
LaTeX Font Info:    Trying to load font information for U+bbold on input line 6
0.

(/usr/share/texlive/texmf-dist/tex/latex/bbold/Ubbold.fd) [6] [7] [8]
<images/trianglegraph.png, id=381, 427.5975pt x 417.05812pt>
File: images/trianglegraph.png Graphic file (type png)
<use images/trianglegraph.png>
Package pdftex.def Info: images/trianglegraph.png  used on input line 112.
(pdftex.def)             Requested size: 181.44046pt x 176.96416pt.

Overfull \hbox (4.21754pt too wide) in paragraph at lines 123--123
\OT1/cmr/m/n/10.95 sum con-tain-ing terms of the form $\OML/cmm/m/it/10.95 c []
[] X[]$\OT1/cmr/m/n/10.95 , with $\OML/cmm/m/it/10.95 c \OMS/cmsy/m/n/10.95 2 \
U/bbold/m/n/10.95 R$\OT1/cmr/m/n/10.95 , $\OML/cmm/m/it/10.95 [] \OMS/cmsy/m/n
/10.95 2 \U/bbold/m/n/10.95 N[]$\OT1/cmr/m/n/10.95 . Act-ing with $\OML/cmm/m/i
t/10.95 f\OT1/cmr/m/n/10.95 (\OML/cmm/m/it/10.95 X[]; X[]; [] ; X[]\OT1/cmr/m/n
/10.95 )$
 []

[9 <./images/trianglegraph.png>] [10]
<images/onb.png, id=415, 472.36269pt x 348.68413pt>
File: images/onb.png Graphic file (type png)
<use images/onb.png>
Package pdftex.def Info: images/onb.png  used on input line 159.
(pdftex.def)             Requested size: 226.80403pt x 167.41968pt.
 [11 <./images/onb.png>] [12] [13]
[14] [15]
<images/perestable.png, id=482, 790.4997pt x 344.21382pt>
File: images/perestable.png Graphic file (type png)
<use images/perestable.png>
Package pdftex.def Info: images/perestable.png  used on input line 274.
(pdftex.def)             Requested size: 453.60808pt x 197.52223pt.
LaTeX Font Info:    Trying to load font information for OMS+cmr on input line 2
75.
 (/usr/share/texlive/texmf-dist/tex/latex/base/omscmr.fd
File: omscmr.fd 2019/12/16 v2.5j Standard LaTeX font definitions
)
LaTeX Font Info:    Font shape `OMS/cmr/m/n' in size <9> not available
(Font)              Font shape `OMS/cmsy/m/n' tried instead on input line 275.
<images/triads.png, id=485, 981.4266pt x 465.4188pt>
File: images/triads.png Graphic file (type png)
<use images/triads.png>
Package pdftex.def Info: images/triads.png  used on input line 281.
(pdftex.def)             Requested size: 453.60808pt x 215.11078pt.
<images/4dim.png, id=490, 552.56438pt x 529.22719pt>
File: images/4dim.png Graphic file (type png)
<use images/4dim.png>
Package pdftex.def Info: images/4dim.png  used on input line 295.
(pdftex.def)             Requested size: 272.1676pt x 260.67216pt.
 [16]
[17 <./images/perestable.png> <./images/triads.png>] [18 <./images/4dim.png>]
[19] [20]
<images/bell.png, id=551, 534.947pt x 292.80525pt>
File: images/bell.png Graphic file (type png)
<use images/bell.png>
Package pdftex.def Info: images/bell.png  used on input line 368.
(pdftex.def)             Requested size: 362.88783pt x 198.62686pt.
<images/chsh.png, id=552, 535.2497pt x 405.01312pt>
File: images/chsh.png Graphic file (type png)
<use images/chsh.png>
Package pdftex.def Info: images/chsh.png  used on input line 375.
(pdftex.def)             Requested size: 272.1676pt x 205.95448pt.
<images/chshmnts.png, id=555, 631.60968pt x 417.05812pt>
File: images/chshmnts.png Graphic file (type png)
<use images/chshmnts.png>
Package pdftex.def Info: images/chshmnts.png  used on input line 385.
(pdftex.def)             Requested size: 317.52426pt x 209.66766pt.
 [21] [22 <./images/bell.png> <./images/chsh.png>]
Overfull \hbox (28.56522pt too wide) in paragraph at lines 406--407
[]\OT1/cmr/m/n/10.95 The statis-tics of a Bell-type cor-re-la-tion ex-per-i-men
t are fully char-ac-ter-ized by the set $\OMS/cmsy/m/n/10.95 f\OML/cmm/m/it/10.
95 p\OT1/cmr/m/n/10.95 (\OML/cmm/m/it/10.95 x; y\OMS/cmsy/m/n/10.95 j\OML/cmm/m
/it/10.95 a; b\OT1/cmr/m/n/10.95 )\OMS/cmsy/m/n/10.95 g[]$\OT1/cmr/m/n/10.95 .
 []

[23 <./images/chshmnts.png>]
Overfull \hbox (22.44826pt too wide) in paragraph at lines 408--409
\OT1/cmr/m/n/10.95 causal-ity are con-vex com-bi-na-tions of lo-cal, de-ter-min
-is-tic prob-a-bil-ity as-sign-ments $\OML/cmm/m/it/10.95 p[]\OT1/cmr/m/n/10.95
 (\OML/cmm/m/it/10.95 x\OMS/cmsy/m/n/10.95 j\OML/cmm/m/it/10.95 a; ^^U\OT1/cmr/
m/n/10.95 )\OML/cmm/m/it/10.95 p[]\OT1/cmr/m/n/10.95 (\OML/cmm/m/it/10.95 y\OMS
/cmsy/m/n/10.95 j\OML/cmm/m/it/10.95 b; ^^U\OT1/cmr/m/n/10.95 )$.
 []

<images/correlations.png, id=587, 552.56438pt x 432.86719pt>
File: images/correlations.png Graphic file (type png)
<use images/correlations.png>
Package pdftex.def Info: images/correlations.png  used on input line 425.
(pdftex.def)             Requested size: 317.52426pt x 248.73817pt.
[24] [25 <./images/correlations.png>] [26] [27]
<images/kcbscompat.png, id=637, 416.30531pt x 181.42781pt>
File: images/kcbscompat.png Graphic file (type png)
<use images/kcbscompat.png>
Package pdftex.def Info: images/kcbscompat.png  used on input line 464.
(pdftex.def)             Requested size: 317.52426pt x 138.38487pt.
 [28 <./images/kcbscompat.png>]
<images/kcbsref.png, id=647, 666.07608pt x 316.64691pt>
File: images/kcbsref.png Graphic file (type png)
<use images/kcbsref.png>
Package pdftex.def Info: images/kcbsref.png  used on input line 482.
(pdftex.def)             Requested size: 453.60808pt x 215.64076pt.

[29 <./images/kcbsref.png>]) (./Chapters/02-csw.tex [30]
Chapter 2.
------------------------------------------------------------------------------
 2 CSW graph-theoretic approach to quantum correlations
------------------------------------------------------------------------------
[31

] [32] [33] [34]
<images/kcbsexclusivity1.png, id=707, 533.74406pt x 426.09187pt>
File: images/kcbsexclusivity1.png Graphic file (type png)
<use images/kcbsexclusivity1.png>
Package pdftex.def Info: images/kcbsexclusivity1.png  used on input line 81.
(pdftex.def)             Requested size: 272.1676pt x 217.27797pt.
<images/kcbsexclusivity2.png, id=710, 444.91219pt x 313.9228pt>
File: images/kcbsexclusivity2.png Graphic file (type png)
<use images/kcbsexclusivity2.png>
Package pdftex.def Info: images/kcbsexclusivity2.png  used on input line 87.
(pdftex.def)             Requested size: 272.1676pt x 192.0387pt.
<images/3boxesecl.png, id=713, 555.57562pt x 450.18187pt>
File: images/3boxesecl.png Graphic file (type png)
<use images/3boxesecl.png>
Package pdftex.def Info: images/3boxesecl.png  used on input line 98.
(pdftex.def)             Requested size: 226.80403pt x 183.77893pt.
 [35] [36 <./images/kcbsexclusivity1.png> <./images/kcbsexclusivity2.png>] [37 
<./images/3boxesecl.png>] [38] [39] [40] [41])
(./Chapters/03-self-testing.tex [42]
Chapter 3.
------------------------------------------------------------------------------
 3 Self-testing
------------------------------------------------------------------------------
<images/chshexcl.png, id=800, 597.73312pt x 403.5075pt>
File: images/chshexcl.png Graphic file (type png)
<use images/chshexcl.png>
Package pdftex.def Info: images/chshexcl.png  used on input line 18.
(pdftex.def)             Requested size: 272.1676pt x 183.73164pt.
[43

] [44 <./images/chshexcl.png>] [45] [46]
<images/self-testingcorr.png, id=869, 494.59781pt x 473.51906pt>
File: images/self-testingcorr.png Graphic file (type png)
<use images/self-testingcorr.png>
Package pdftex.def Info: images/self-testingcorr.png  used on input line 72.
(pdftex.def)             Requested size: 272.1676pt x 260.56633pt.
<images/self-testing.png, id=870, 805.50937pt x 574.39594pt>
File: images/self-testing.png Graphic file (type png)
<use images/self-testing.png>
Package pdftex.def Info: images/self-testing.png  used on input line 79.
(pdftex.def)             Requested size: 362.88783pt x 258.765pt.
)
(./Chapters/04-contself-testing.tex [47] [48 <./images/self-testingcorr.png>]
[49 <./images/self-testing.png>]
Chapter 4.
------------------------------------------------------------------------------
 4 Self-testing via KS non-contextuality inequalities
------------------------------------------------------------------------------
[50

] [51] [52] [53] [54] [55] [56] [57] [58] [59] [60] [61] [62]
<images/transducer.png, id=1049, 566.115pt x 201.00093pt>
File: images/transducer.png Graphic file (type png)
<use images/transducer.png>
Package pdftex.def Info: images/transducer.png  used on input line 426.
(pdftex.def)             Requested size: 317.52426pt x 112.74069pt.
 [63 <./images/transducer.png>] [64]
<images/n=5,mnts=1.png, id=1072, 567.11874pt x 532.99126pt>
File: images/n=5,mnts=1.png Graphic file (type png)
<use images/n=5,mnts=1.png>
Package pdftex.def Info: images/n=5,mnts=1.png  used on input line 462.
(pdftex.def)             Requested size: 181.44391pt x 170.52002pt.
<images/n=5,mnts=3.png, id=1073, 665.48625pt x 615.29875pt>
File: images/n=5,mnts=3.png Graphic file (type png)
<use images/n=5,mnts=3.png>
Package pdftex.def Info: images/n=5,mnts=3.png  used on input line 468.
(pdftex.def)             Requested size: 181.44391pt x 167.75713pt.

Overfull \hbox (2.43332pt too wide) in paragraph at lines 460--471
[]$[]$  $[]$ 
 []

<images/n=5,mnts=5.png, id=1074, 699.61375pt x 626.34pt>
File: images/n=5,mnts=5.png Graphic file (type png)
<use images/n=5,mnts=5.png>
Package pdftex.def Info: images/n=5,mnts=5.png  used on input line 474.
(pdftex.def)             Requested size: 181.44391pt x 162.4336pt.
<images/n=5,mnts=10.png, id=1075, 659.46375pt x 620.3175pt>
File: images/n=5,mnts=10.png Graphic file (type png)
<use images/n=5,mnts=10.png>
Package pdftex.def Info: images/n=5,mnts=10.png  used on input line 480.
(pdftex.def)             Requested size: 181.44391pt x 170.66829pt.

Overfull \hbox (2.43332pt too wide) in paragraph at lines 472--483
[]$[]$  $[]$ 
 []

[65 <./images/n=5,mnts=1.png> <./images/n=5,mnts=3.png> <./images/n=5,mnts=5.pn
g> <./images/n=5,mnts=10.png>]
<images/allentropies.png, id=1092, 462.528pt x 346.896pt>
File: images/allentropies.png Graphic file (type png)
<use images/allentropies.png>
Package pdftex.def Info: images/allentropies.png  used on input line 497.
(pdftex.def)             Requested size: 317.52426pt x 238.15694pt.
<images/memorycost.png, id=1093, 578.16pt x 433.62pt>
File: images/memorycost.png Graphic file (type png)
<use images/memorycost.png>
Package pdftex.def Info: images/memorycost.png  used on input line 503.
(pdftex.def)             Requested size: 317.52426pt x 238.14105pt.
 [66] [67 <./images/allentropies.png> <./images/memorycost.png>] [68]
<images/erasedbits.png, id=1121, 578.16pt x 433.62pt>
File: images/erasedbits.png Graphic file (type png)
<use images/erasedbits.png>
Package pdftex.def Info: images/erasedbits.png  used on input line 542.
(pdftex.def)             Requested size: 317.52426pt x 238.14105pt.
) (./Chapters/05-spekkenscont.tex [69] [70 <./images/erasedbits.png>]
Chapter 5.
------------------------------------------------------------------------------
 5 A revised notion of classicality \\ Spekkens non-contextuality
------------------------------------------------------------------------------
[71

] [72] [73] [74] [75] [76]) (./Chapters/06-protocols.tex [77]
Chapter 6.
------------------------------------------------------------------------------
 6 Two protocols based on Spekkens contextuality
------------------------------------------------------------------------------

Overfull \hbox (24.7396pt too wide) in paragraph at lines 4--4
[]\OT1/cmr/bx/n/14.4 Self-testing from ap-prox-i-mately op-er-a-tionally equiv-
a-lent prepa-
 []

<images/mntsandpreps.png, id=1212, 277.035pt x 216.05719pt>
File: images/mntsandpreps.png Graphic file (type png)
<use images/mntsandpreps.png>
Package pdftex.def Info: images/mntsandpreps.png  used on input line 10.
(pdftex.def)             Requested size: 204.12224pt x 159.19408pt.
<images/kcbsrefstates.png, id=1213, 261.51309pt x 160.18608pt>
File: images/kcbsrefstates.png Graphic file (type png)
<use images/kcbsrefstates.png>
Package pdftex.def Info: images/kcbsrefstates.png  used on input line 16.
(pdftex.def)             Requested size: 163.2984pt x 100.0305pt.
[78

] [79 <./images/mntsandpreps.png> <./images/kcbsrefstates.png>] [80]
[81] [82] [83] [84] [85] [86]

Package hyperref Warning: Token not allowed in a PDF string (Unicode):
(hyperref)                removing `math shift' on input line 194.


Package hyperref Warning: Token not allowed in a PDF string (Unicode):
(hyperref)                removing `subscript' on input line 194.


Package hyperref Warning: Token not allowed in a PDF string (Unicode):
(hyperref)                removing `math shift' on input line 194.


Package hyperref Warning: Token not allowed in a PDF string (Unicode):
(hyperref)                removing `math shift' on input line 194.


Package hyperref Warning: Token not allowed in a PDF string (Unicode):
(hyperref)                removing `subscript' on input line 194.


Package hyperref Warning: Token not allowed in a PDF string (Unicode):
(hyperref)                removing `superscript' on input line 194.


Package hyperref Warning: Token not allowed in a PDF string (Unicode):
(hyperref)                removing `math shift' on input line 194.

[87] [88]

Package hyperref Warning: Token not allowed in a PDF string (Unicode):
(hyperref)                removing `math shift' on input line 267.


Package hyperref Warning: Token not allowed in a PDF string (Unicode):
(hyperref)                removing `subscript' on input line 267.


Package hyperref Warning: Token not allowed in a PDF string (Unicode):
(hyperref)                removing `superscript' on input line 267.


Package hyperref Warning: Token not allowed in a PDF string (Unicode):
(hyperref)                removing `math shift' on input line 267.

[89] [90]) [91]
------------------------------------------------------------------------------
 Bibliography
------------------------------------------------------------------------------
(./Thesis.bbl [92


] [93] [94]
Underfull \hbox (badness 1194) in paragraph at lines 275--279
[]\OT1/cmr/m/n/10.95 Robert W. Spekkens.  The on-to-log-i-cal iden-tity of em-p
ir-i-cal in-dis-cernibles: Leib-
 []


Underfull \hbox (badness 10000) in paragraph at lines 275--279
\OT1/cmr/m/n/10.95 niz's method-olog-i-cal prin-ci-ple and its sig-nif-i-cance 
in the work of ein-stein.
 []

) [95]
<declaration-originality.pdf, id=1385, 597.55246pt x 845.07718pt>
File: declaration-originality.pdf Graphic file (type pdf)
<use declaration-originality.pdf>
Package pdftex.def Info: declaration-originality.pdf  used on input line 107.
(pdftex.def)             Requested size: 597.551pt x 845.07512pt.
File: declaration-originality.pdf Graphic file (type pdf)
<use declaration-originality.pdf>
Package pdftex.def Info: declaration-originality.pdf  used on input line 107.
(pdftex.def)             Requested size: 597.551pt x 845.07512pt.
<declaration-originality.pdf, id=1388, page=1, 597.55246pt x 845.07718pt>
File: declaration-originality.pdf Graphic file (type pdf)
<use declaration-originality.pdf, page 1>
Package pdftex.def Info: declaration-originality.pdf , page1 used on input line
 107.
(pdftex.def)             Requested size: 597.551pt x 845.07512pt.
File: declaration-originality.pdf Graphic file (type pdf)
<use declaration-originality.pdf, page 1>
Package pdftex.def Info: declaration-originality.pdf , page1 used on input line
 107.
(pdftex.def)             Requested size: 598.18013pt x 845.96486pt.
File: declaration-originality.pdf Graphic file (type pdf)
<use declaration-originality.pdf, page 1>
Package pdftex.def Info: declaration-originality.pdf , page1 used on input line
 107.
(pdftex.def)             Requested size: 598.18013pt x 845.96486pt.
File: declaration-originality.pdf Graphic file (type pdf)
<use declaration-originality.pdf, page 1>
Package pdftex.def Info: declaration-originality.pdf , page1 used on input line
 107.
(pdftex.def)             Requested size: 598.18013pt x 845.96486pt.
File: declaration-originality.pdf Graphic file (type pdf)
<use declaration-originality.pdf, page 1>
Package pdftex.def Info: declaration-originality.pdf , page1 used on input line
 107.
(pdftex.def)             Requested size: 598.18013pt x 845.96486pt.
 [96 <./declaration-originality.pdf>]
Package atveryend Info: Empty hook `BeforeClearDocument' on input line 108.
Package atveryend Info: Empty hook `AfterLastShipout' on input line 108.
 (./Thesis.aux)
Package atveryend Info: Executing hook `AtVeryEndDocument' on input line 108.
Package atveryend Info: Executing hook `AtEndAfterFileList' on input line 108.


Package rerunfilecheck Warning: File `Thesis.out' has changed.
(rerunfilecheck)                Rerun to get outlines right
(rerunfilecheck)                or use package `bookmark'.

Package rerunfilecheck Info: Checksums for `Thesis.out':
(rerunfilecheck)             Before: 373141E29AD2E3DBC25D4FFD0EE1BA29;12869
(rerunfilecheck)             After:  2CA53BFC355A9F65C795C727380E33CC;12869.

LaTeX Font Warning: Some font shapes were not available, defaults substituted.


LaTeX Warning: There were multiply-defined labels.

Package atveryend Info: Empty hook `AtVeryVeryEnd' on input line 108.
 ) 
Here is how much of TeX's memory you used:
 15083 strings out of 482555
 221614 string characters out of 5952144
 507127 words of memory out of 5000000
 30112 multiletter control sequences out of 15000+600000
 553830 words of font info for 106 fonts, out of 8000000 for 9000
 14 hyphenation exceptions out of 8191
 52i,18n,63p,2919b,561s stack positions out of 5000i,500n,10000p,200000b,80000s
pdfTeX warning (dest): name{equation.169} has been referenced but does not ex
ist, replaced by a fixed one

pdfTeX warning (dest): name{dummy.182} has been referenced but does not exist, 
replaced by a fixed one

pdfTeX warning (dest): name{section.181} has been referenced but does not exist
, replaced by a fixed one

pdfTeX warning (dest): name{section.180} has been referenced but does not exist
, replaced by a fixed one

pdfTeX warning (dest): name{subsubsection.170} has been referenced but does not
 exist, replaced by a fixed one

{/usr/share/texlive/texmf-dist/fonts/enc/dvips/cm-super/cm-super-ts1.enc}</usr/
share/texlive/texmf-dist/fonts/type1/public/bbold-type1/bbold10.pfb></usr/share
/texlive/texmf-dist/fonts/type1/public/bbold-type1/bbold7.pfb></usr/share/texli
ve/texmf-dist/fonts/type1/public/amsfonts/cm/cmbx10.pfb></usr/share/texlive/tex
mf-dist/fonts/type1/public/amsfonts/cm/cmbx12.pfb></usr/share/texlive/texmf-dis
t/fonts/type1/public/amsfonts/cm/cmbx8.pfb></usr/share/texlive/texmf-dist/fonts
/type1/public/amsfonts/cm/cmbx9.pfb></usr/share/texlive/texmf-dist/fonts/type1/
public/amsfonts/cm/cmex10.pfb></usr/share/texlive/texmf-dist/fonts/type1/public
/amsfonts/cm/cmmi10.pfb></usr/share/texlive/texmf-dist/fonts/type1/public/amsfo
nts/cm/cmmi5.pfb></usr/share/texlive/texmf-dist/fonts/type1/public/amsfonts/cm/
cmmi6.pfb></usr/share/texlive/texmf-dist/fonts/type1/public/amsfonts/cm/cmmi7.p
fb></usr/share/texlive/texmf-dist/fonts/type1/public/amsfonts/cm/cmmi8.pfb></us
r/share/texlive/texmf-dist/fonts/type1/public/amsfonts/cm/cmmi9.pfb></usr/share
/texlive/texmf-dist/fonts/type1/public/amsfonts/cm/cmr10.pfb></usr/share/texliv
e/texmf-dist/fonts/type1/public/amsfonts/cm/cmr12.pfb></usr/share/texlive/texmf
-dist/fonts/type1/public/amsfonts/cm/cmr17.pfb></usr/share/texlive/texmf-dist/f
onts/type1/public/amsfonts/cm/cmr5.pfb></usr/share/texlive/texmf-dist/fonts/typ
e1/public/amsfonts/cm/cmr6.pfb></usr/share/texlive/texmf-dist/fonts/type1/publi
c/amsfonts/cm/cmr7.pfb></usr/share/texlive/texmf-dist/fonts/type1/public/amsfon
ts/cm/cmr8.pfb></usr/share/texlive/texmf-dist/fonts/type1/public/amsfonts/cm/cm
r9.pfb></usr/share/texlive/texmf-dist/fonts/type1/public/amsfonts/cm/cmsy10.pfb
></usr/share/texlive/texmf-dist/fonts/type1/public/amsfonts/cm/cmsy5.pfb></usr/
share/texlive/texmf-dist/fonts/type1/public/amsfonts/cm/cmsy6.pfb></usr/share/t
exlive/texmf-dist/fonts/type1/public/amsfonts/cm/cmsy7.pfb></usr/share/texlive/
texmf-dist/fonts/type1/public/amsfonts/cm/cmsy8.pfb></usr/share/texlive/texmf-d
ist/fonts/type1/public/amsfonts/cm/cmsy9.pfb></usr/share/texlive/texmf-dist/fon
ts/type1/public/amsfonts/cm/cmti10.pfb></usr/share/texlive/texmf-dist/fonts/typ
e1/public/amsfonts/cm/cmti12.pfb></usr/share/texlive/texmf-dist/fonts/type1/pub
lic/amsfonts/cm/cmti9.pfb></usr/share/texlive/texmf-dist/fonts/type1/public/ams
fonts/symbols/msam10.pfb></usr/share/texlive/texmf-dist/fonts/type1/public/cm-s
uper/sfrm1095.pfb>
Output written on Thesis.pdf (101 pages, 1778379 bytes).
PDF statistics:
 1608 PDF objects out of 1728 (max. 8388607)
 1379 compressed objects within 14 object streams
 325 named destinations out of 1000 (max. 500000)
 518 words of extra memory for PDF output out of 10000 (max. 10000000)

